<?xml version="1.0" encoding="UTF-8"?>
<!-- Generated by org.testng.reporters.JUnitReportReporter -->
<testsuite hostname="DESKTOP-SE2CFHJ" failures="0" tests="1" name="Authentication.Oauth2_0Authentication" time="6.632" errors="0" timestamp="2022-09-29T10:10:53 IST" skipped="0">
  <testcase classname="Authentication.Oauth2_0Authentication" name="oauth2Auth" time="6.632"/>
  <system-out/>
</testsuite> <!-- Authentication.Oauth2_0Authentication -->
