<?xml version="1.0" encoding="UTF-8"?>
<!-- Generated by org.testng.reporters.JUnitReportReporter -->
<testsuite hostname="DESKTOP-SE2CFHJ" failures="0" tests="1" name="basic.CrudeOperations.UpdateProjectTest" time="4.339" errors="0" timestamp="2022-09-23T10:47:16 IST" skipped="0">
  <testcase classname="basic.CrudeOperations.UpdateProjectTest" name="updateProject" time="4.339"/>
  <system-out/>
</testsuite> <!-- basic.CrudeOperations.UpdateProjectTest -->
