<?xml version="1.0" encoding="UTF-8"?>
<!-- Generated by org.testng.reporters.JUnitReportReporter -->
<testsuite hostname="DESKTOP-SE2CFHJ" failures="0" tests="1" name="Parameters.QueryParameter" time="8.412" errors="0" timestamp="2022-09-28T12:00:27 IST" skipped="0">
  <testcase classname="Parameters.QueryParameter" name="queryParameter" time="8.412"/>
  <system-out/>
</testsuite> <!-- Parameters.QueryParameter -->
