<?xml version="1.0" encoding="UTF-8"?>
<!-- Generated by org.testng.reporters.JUnitReportReporter -->
<testsuite hostname="DESKTOP-SE2CFHJ" failures="0" tests="3" name="Authentication.BasicAuth" time="7.666" errors="0" timestamp="2022-11-30T16:30:43 IST" skipped="0">
  <testcase classname="Authentication.BasicAuth" name="basicPreEmptiveAuth" time="0.275"/>
  <system-out/>
  <testcase classname="Authentication.BasicAuth" name="basicAuth" time="7.136"/>
  <system-out/>
  <testcase classname="Authentication.BasicAuth" name="basicDigestiveAuth" time="0.255"/>
  <system-out/>
</testsuite> <!-- Authentication.BasicAuth -->
