<?xml version="1.0" encoding="UTF-8"?>
<!-- Generated by org.testng.reporters.JUnitReportReporter -->
<testsuite hostname="DESKTOP-SE2CFHJ" failures="0" tests="1" name="Parameters.formParameter" time="6.719" errors="0" timestamp="2022-09-28T12:02:50 IST" skipped="0">
  <testcase classname="Parameters.formParameter" name="formParameterTest" time="6.719"/>
  <system-out/>
</testsuite> <!-- Parameters.formParameter -->
