<?xml version="1.0" encoding="UTF-8"?>
<!-- Generated by org.testng.reporters.JUnitReportReporter -->
<testsuite hostname="DESKTOP-SE2CFHJ" failures="0" tests="1" name="RequestChaining.CreateProjectGetProjectAndDeleteProject" time="6.217" errors="0" timestamp="2022-09-28T13:33:42 IST" skipped="0">
  <testcase classname="RequestChaining.CreateProjectGetProjectAndDeleteProject" name="createProjectGetProjectAndDeleteProject" time="6.217"/>
  <system-out/>
</testsuite> <!-- RequestChaining.CreateProjectGetProjectAndDeleteProject -->
