<?xml version="1.0" encoding="UTF-8"?>
<!-- Generated by org.testng.reporters.JUnitReportReporter -->
<testsuite hostname="DESKTOP-SE2CFHJ" failures="0" tests="1" name="Parameters.PathParameters" time="6.642" errors="0" timestamp="2022-09-28T11:58:07 IST" skipped="0">
  <testcase classname="Parameters.PathParameters" name="getSingleProject" time="6.642"/>
  <system-out/>
</testsuite> <!-- Parameters.PathParameters -->
