<?xml version="1.0" encoding="UTF-8"?>
<!-- Generated by org.testng.reporters.JUnitReportReporter -->
<testsuite hostname="DESKTOP-SE2CFHJ" failures="0" tests="1" name="End2EndScenario.CreateProjectAndVerifyInDatabase" time="3.997" errors="0" timestamp="2022-09-30T09:20:57 IST" skipped="0">
  <testcase classname="End2EndScenario.CreateProjectAndVerifyInDatabase" name="createProject" time="3.997"/>
  <system-out/>
</testsuite> <!-- End2EndScenario.CreateProjectAndVerifyInDatabase -->
