<?xml version="1.0" encoding="UTF-8"?>
<!-- Generated by org.testng.reporters.JUnitReportReporter -->
<testsuite hostname="DESKTOP-SE2CFHJ" failures="0" tests="1" name="basic.CrudeOperations.DeleteProjectTest" time="3.213" errors="0" timestamp="2022-09-23T10:58:52 IST" skipped="0">
  <testcase classname="basic.CrudeOperations.DeleteProjectTest" name="deleteProject" time="3.213"/>
  <system-out/>
</testsuite> <!-- basic.CrudeOperations.DeleteProjectTest -->
