<?xml version="1.0" encoding="UTF-8"?>
<!-- Generated by org.testng.reporters.JUnitReportReporter -->
<testsuite hostname="DESKTOP-SE2CFHJ" failures="0" tests="1" name="RequestChaining.CreateUpdateGettAndDeleteProject" time="5.564" errors="0" timestamp="2022-09-28T14:00:49 IST" skipped="0">
  <testcase classname="RequestChaining.CreateUpdateGettAndDeleteProject" name="createUpdateGettAndDeleteProject" time="5.564"/>
  <system-out/>
</testsuite> <!-- RequestChaining.CreateUpdateGettAndDeleteProject -->
