<?xml version="1.0" encoding="UTF-8"?>
<!-- Generated by org.testng.reporters.JUnitReportReporter -->
<testsuite hostname="DESKTOP-SE2CFHJ" failures="0" tests="1" name="basic.CrudeOperations.CreateProjectIUsingJsonObject" time="5.027" errors="0" timestamp="2022-09-26T09:56:44 IST" skipped="0">
  <testcase classname="basic.CrudeOperations.CreateProjectIUsingJsonObject" name="createProjectUsingJsonObject" time="5.027"/>
  <system-out/>
</testsuite> <!-- basic.CrudeOperations.CreateProjectIUsingJsonObject -->
