<?xml version="1.0" encoding="UTF-8"?>
<!-- Generated by org.testng.reporters.JUnitReportReporter -->
<testsuite hostname="DESKTOP-SE2CFHJ" failures="0" tests="1" name="basic.CrudeOperations.CreateProjectTest" time="4.953" errors="0" timestamp="2022-09-23T10:19:20 IST" skipped="0">
  <testcase classname="basic.CrudeOperations.CreateProjectTest" name="createProjectTest" time="4.953"/>
  <system-out/>
</testsuite> <!-- basic.CrudeOperations.CreateProjectTest -->
