<?xml version="1.0" encoding="UTF-8"?>
<!-- Generated by org.testng.reporters.JUnitReportReporter -->
<testsuite hostname="DESKTOP-SE2CFHJ" failures="0" tests="1" name="ResonseValidation.StaticResponseValidation" time="5.195" errors="0" timestamp="2022-09-27T10:37:49 IST" skipped="0">
  <testcase classname="ResonseValidation.StaticResponseValidation" name="staticResponseValidation" time="5.195"/>
  <system-out/>
</testsuite> <!-- ResonseValidation.StaticResponseValidation -->
