<?xml version="1.0" encoding="UTF-8"?>
<!-- Generated by org.testng.reporters.JUnitReportReporter -->
<testsuite hostname="DESKTOP-SE2CFHJ" failures="0" tests="1" name="DifferentWaysToPOST.CreateProjectUsingHashMap" time="4.814" errors="0" timestamp="2022-09-26T10:11:55 IST" skipped="0">
  <testcase classname="DifferentWaysToPOST.CreateProjectUsingHashMap" name="createProjectUsingHashMap" time="4.814"/>
  <system-out/>
</testsuite> <!-- DifferentWaysToPOST.CreateProjectUsingHashMap -->
