<?xml version="1.0" encoding="UTF-8"?>
<!-- Generated by org.testng.reporters.JUnitReportReporter -->
<testsuite hostname="DESKTOP-SE2CFHJ" failures="0" tests="1" name="SerializationDeserialization.Serialization" time="0.359" errors="0" timestamp="2022-11-28T12:15:37 IST" skipped="0">
  <testcase classname="SerializationDeserialization.Serialization" name="serializationTest" time="0.359"/>
  <system-out/>
</testsuite> <!-- SerializationDeserialization.Serialization -->
