<?xml version="1.0" encoding="UTF-8"?>
<!-- Generated by org.testng.reporters.JUnitReportReporter -->
<testsuite hostname="DESKTOP-SE2CFHJ" failures="0" tests="1" name="SerializationDeserialization.Serialization" time="0.812" errors="0" timestamp="2022-09-20T16:08:21 IST" skipped="0">
  <testcase classname="SerializationDeserialization.Serialization" name="serializationTest" time="0.812"/>
  <system-out/>
</testsuite> <!-- SerializationDeserialization.Serialization -->
