<?xml version="1.0" encoding="UTF-8"?>
<!-- Generated by org.testng.reporters.JUnitReportReporter -->
<testsuite hostname="DESKTOP-SE2CFHJ" failures="0" tests="1" name="End2EndScenario.CreateProjectAndVerifyInDatabase" time="4.430" errors="0" timestamp="2022-12-13T17:50:44 IST" skipped="0">
  <testcase classname="End2EndScenario.CreateProjectAndVerifyInDatabase" name="createProject" time="4.430"/>
  <system-out/>
</testsuite> <!-- End2EndScenario.CreateProjectAndVerifyInDatabase -->
