<?xml version="1.0" encoding="UTF-8"?>
<!-- Generated by org.testng.reporters.JUnitReportReporter -->
<testsuite hostname="DESKTOP-SE2CFHJ" failures="0" tests="1" name="basic.CrudeOperations.getAllProjectsTest" time="3.551" errors="0" timestamp="2022-09-23T10:31:47 IST" skipped="0">
  <testcase classname="basic.CrudeOperations.getAllProjectsTest" name="getAllProject" time="3.551"/>
  <system-out/>
</testsuite> <!-- basic.CrudeOperations.getAllProjectsTest -->
