<?xml version="1.0" encoding="UTF-8"?>
<!-- Generated by org.testng.reporters.JUnitReportReporter -->
<testsuite hostname="DESKTOP-SE2CFHJ" failures="0" tests="1" name="RequestChaining.CreateProjectAndGet" time="5.468" errors="0" timestamp="2022-09-28T12:53:56 IST" skipped="0">
  <testcase classname="RequestChaining.CreateProjectAndGet" name="createAndGet" time="5.468"/>
  <system-out/>
</testsuite> <!-- RequestChaining.CreateProjectAndGet -->
