<?xml version="1.0" encoding="UTF-8"?>
<!-- Generated by org.testng.reporters.JUnitReportReporter -->
<testsuite hostname="DESKTOP-SE2CFHJ" failures="0" tests="1" name="bdd.CRUDEOperations.CreateProjectTest" time="8.744" errors="0" timestamp="2022-09-23T16:03:21 IST" skipped="0">
  <testcase classname="bdd.CRUDEOperations.CreateProjectTest" name="createProject" time="8.744"/>
  <system-out/>
</testsuite> <!-- bdd.CRUDEOperations.CreateProjectTest -->
