<?xml version="1.0" encoding="UTF-8"?>
<!-- Generated by org.testng.reporters.JUnitReportReporter -->
<testsuite hostname="DESKTOP-SE2CFHJ" failures="0" tests="1" name="Authentication.BearerToken" time="12.701" errors="0" timestamp="2022-09-28T15:16:35 IST" skipped="0">
  <testcase classname="Authentication.BearerToken" name="bearerToken" time="12.701"/>
  <system-out/>
</testsuite> <!-- Authentication.BearerToken -->
