<?xml version="1.0" encoding="UTF-8"?>
<!-- Generated by org.testng.reporters.JUnitReportReporter -->
<testsuite hostname="DESKTOP-SE2CFHJ" failures="0" tests="1" name="ResonseValidation.DynamicResponseValidation" time="6.005" errors="0" timestamp="2022-09-28T09:30:21 IST" skipped="0">
  <testcase classname="ResonseValidation.DynamicResponseValidation" name="dynamicResponseValidation" time="6.005"/>
  <system-out/>
</testsuite> <!-- ResonseValidation.DynamicResponseValidation -->
