<?xml version="1.0" encoding="UTF-8"?>
<!-- Generated by org.testng.reporters.JUnitReportReporter -->
<testsuite hostname="DESKTOP-SE2CFHJ" failures="0" tests="1" name="bdd.CRUDEOperations.GetAllProjectsTest" time="7.913" errors="0" timestamp="2022-09-23T16:09:50 IST" skipped="0">
  <testcase classname="bdd.CRUDEOperations.GetAllProjectsTest" name="getAllProjects" time="7.913"/>
  <system-out/>
</testsuite> <!-- bdd.CRUDEOperations.GetAllProjectsTest -->
