<?xml version="1.0" encoding="UTF-8"?>
<!-- Generated by org.testng.reporters.JUnitReportReporter -->
<testsuite hostname="DESKTOP-SE2CFHJ" failures="0" tests="1" name="Authentication.BearerToken" time="5.454" errors="0" timestamp="2022-11-30T12:49:39 IST" skipped="0">
  <testcase classname="Authentication.BearerToken" name="bearerToken" time="5.454"/>
  <system-out/>
</testsuite> <!-- Authentication.BearerToken -->
