<?xml version="1.0" encoding="UTF-8"?>
<!-- Generated by org.testng.reporters.JUnitReportReporter -->
<testsuite hostname="DESKTOP-SE2CFHJ" failures="0" tests="10" name="DataDriven_DataProvider.CreateMultipleProjectWithDifData" time="5.807" errors="0" timestamp="2022-09-28T10:41:53 IST" skipped="0">
  <testcase classname="DataDriven_DataProvider.CreateMultipleProjectWithDifData" name="createProjectWithDiffData" time="5.099"/>
  <system-out/>
  <testcase classname="DataDriven_DataProvider.CreateMultipleProjectWithDifData" name="createProjectWithDiffData" time="0.077"/>
  <system-out/>
  <testcase classname="DataDriven_DataProvider.CreateMultipleProjectWithDifData" name="createProjectWithDiffData" time="0.086"/>
  <system-out/>
  <testcase classname="DataDriven_DataProvider.CreateMultipleProjectWithDifData" name="createProjectWithDiffData" time="0.087"/>
  <system-out/>
  <testcase classname="DataDriven_DataProvider.CreateMultipleProjectWithDifData" name="createProjectWithDiffData" time="0.059"/>
  <system-out/>
  <testcase classname="DataDriven_DataProvider.CreateMultipleProjectWithDifData" name="createProjectWithDiffData" time="0.058"/>
  <system-out/>
  <testcase classname="DataDriven_DataProvider.CreateMultipleProjectWithDifData" name="createProjectWithDiffData" time="0.076"/>
  <system-out/>
  <testcase classname="DataDriven_DataProvider.CreateMultipleProjectWithDifData" name="createProjectWithDiffData" time="0.076"/>
  <system-out/>
  <testcase classname="DataDriven_DataProvider.CreateMultipleProjectWithDifData" name="createProjectWithDiffData" time="0.072"/>
  <system-out/>
  <testcase classname="DataDriven_DataProvider.CreateMultipleProjectWithDifData" name="createProjectWithDiffData" time="0.117"/>
  <system-out/>
</testsuite> <!-- DataDriven_DataProvider.CreateMultipleProjectWithDifData -->
